# JRE version: Java(TM) SE Runtime Environment (8.0_51-b16) (build 1.8.0_51-b16)
# Java VM: Java HotSpot(TM) 64-Bit Server VM (25.51-b03 mixed mode linux-amd64 compressed oops)
Heap:
 PSYoungGen      total 30720K, used 5424K [0x00000000ee000000, 0x00000000f1e80000, 0x0000000100000000)
  eden space 28672K, 11% used [0x00000000ee000000,0x00000000ee3542b0,0x00000000efc00000)
  from space 2048K, 98% used [0x00000000efc00000,0x00000000efdf8010,0x00000000efe00000)
  to   space 6144K, 0% used [0x00000000f1880000,0x00000000f1880000,0x00000000f1e80000)
 ParOldGen       total 28672K, used 9464K [0x00000000ca000000, 0x00000000cbc00000, 0x00000000ee000000)
  object space 28672K, 33% used [0x00000000ca000000,0x00000000ca93e320,0x00000000cbc00000)
 Metaspace       used 24215K, capacity 25804K, committed 26112K, reserved 1071104K
  class space    used 3433K, capacity 3729K, committed 3840K, reserved 1048576K
GC Heap History (10 events):
Event: 1.996 GC heap before
{Heap before GC invocations=2 (full 0):
 PSYoungGen      total 16384K, used 16378K [0x00000000ee000000, 0x00000000ef200000, 0x0000000100000000)
  eden space 14336K, 100% used [0x00000000ee000000,0x00000000eee00000,0x00000000eee00000)
  from space 2048K, 99% used [0x00000000eee00000,0x00000000eeffe9d0,0x00000000ef000000)
  to   space 2048K, 0% used [0x00000000ef000000,0x00000000ef000000,0x00000000ef200000)
 ParOldGen       total 36864K, used 705K [0x00000000ca000000, 0x00000000cc400000, 0x00000000ee000000)
  object space 36864K, 1% used [0x00000000ca000000,0x00000000ca0b0400,0x00000000cc400000)
 Metaspace       used 15012K, capacity 15460K, committed 15744K, reserved 1062912K
  class space    used 1990K, capacity 2143K, committed 2176K, reserved 1048576K
Event: 2.032 GC heap after
Heap after GC invocations=2 (full 0):
 PSYoungGen      total 16384K, used 2018K [0x00000000ee000000, 0x00000000f0000000, 0x0000000100000000)
  eden space 14336K, 0% used [0x00000000ee000000,0x00000000ee000000,0x00000000eee00000)
  from space 2048K, 98% used [0x00000000ef000000,0x00000000ef1f8ab0,0x00000000ef200000)
  to   space 2048K, 0% used [0x00000000eee00000,0x00000000eee00000,0x00000000ef000000)
 ParOldGen       total 36864K, used 3047K [0x00000000ca000000, 0x00000000cc400000, 0x00000000ee000000)
  object space 36864K, 8% used [0x00000000ca000000,0x00000000ca2f9d18,0x00000000cc400000)
 Metaspace       used 15012K, capacity 15460K, committed 15744K, reserved 1062912K
  class space    used 1990K, capacity 2143K, committed 2176K, reserved 1048576K
}
Event: 8.438 GC heap before
{Heap before GC invocations=3 (full 0):
 PSYoungGen      total 16384K, used 16354K [0x00000000ee000000, 0x00000000f0000000, 0x0000000100000000)
  eden space 14336K, 100% used [0x00000000ee000000,0x00000000eee00000,0x00000000eee00000)
  from space 2048K, 98% used [0x00000000ef000000,0x00000000ef1f8ab0,0x00000000ef200000)
  to   space 2048K, 0% used [0x00000000eee00000,0x00000000eee00000,0x00000000ef000000)
 ParOldGen       total 36864K, used 3047K [0x00000000ca000000, 0x00000000cc400000, 0x00000000ee000000)
  object space 36864K, 8% used [0x00000000ca000000,0x00000000ca2f9d18,0x00000000cc400000)
 Metaspace       used 19926K, capacity 20642K, committed 20864K, reserved 1067008K
  class space    used 2752K, capacity 2942K, committed 2944K, reserved 1048576K
Event: 8.446 GC heap after
Heap after GC invocations=3 (full 0):
 PSYoungGen      total 16384K, used 2018K [0x00000000ee000000, 0x00000000f0000000, 0x0000000100000000)
  eden space 14336K, 0% used [0x00000000ee000000,0x00000000ee000000,0x00000000eee00000)
  from space 2048K, 98% used [0x00000000eee00000,0x00000000eeff8ab0,0x00000000ef000000)
  to   space 2048K, 0% used [0x00000000efe00000,0x00000000efe00000,0x00000000f0000000)
 ParOldGen       total 36864K, used 5835K [0x00000000ca000000, 0x00000000cc400000, 0x00000000ee000000)
  object space 36864K, 15% used [0x00000000ca000000,0x00000000ca5b2de0,0x00000000cc400000)
 Metaspace       used 19926K, capacity 20642K, committed 20864K, reserved 1067008K
  class space    used 2752K, capacity 2942K, committed 2944K, reserved 1048576K
}
Event: 8.618 GC heap before
{Heap before GC invocations=4 (full 0):
 PSYoungGen      total 16384K, used 3143K [0x00000000ee000000, 0x00000000f0000000, 0x0000000100000000)
  eden space 14336K, 7% used [0x00000000ee000000,0x00000000ee1193d8,0x00000000eee00000)
  from space 2048K, 98% used [0x00000000eee00000,0x00000000eeff8ab0,0x00000000ef000000)
  to   space 2048K, 0% used [0x00000000efe00000,0x00000000efe00000,0x00000000f0000000)
 ParOldGen       total 36864K, used 5835K [0x00000000ca000000, 0x00000000cc400000, 0x00000000ee000000)
  object space 36864K, 15% used [0x00000000ca000000,0x00000000ca5b2de0,0x00000000cc400000)
 Metaspace       used 20465K, capacity 21154K, committed 21248K, reserved 1067008K
  class space    used 2804K, capacity 3006K, committed 3072K, reserved 1048576K
Event: 8.627 GC heap after
Heap after GC invocations=4 (full 0):
 PSYoungGen      total 30720K, used 2018K [0x00000000ee000000, 0x00000000f0000000, 0x0000000100000000)
  eden space 28672K, 0% used [0x00000000ee000000,0x00000000ee000000,0x00000000efc00000)
  from space 2048K, 98% used [0x00000000efe00000,0x00000000efff8ab0,0x00000000f0000000)
  to   space 2048K, 0% used [0x00000000efc00000,0x00000000efc00000,0x00000000efe00000)
 ParOldGen       total 36864K, used 6125K [0x00000000ca000000, 0x00000000cc400000, 0x00000000ee000000)
  object space 36864K, 16% used [0x00000000ca000000,0x00000000ca5fb4d8,0x00000000cc400000)
 Metaspace       used 20465K, capacity 21154K, committed 21248K, reserved 1067008K
  class space    used 2804K, capacity 3006K, committed 3072K, reserved 1048576K
}
Event: 8.627 GC heap before
{Heap before GC invocations=5 (full 1):
 PSYoungGen      total 30720K, used 2018K [0x00000000ee000000, 0x00000000f0000000, 0x0000000100000000)
  eden space 28672K, 0% used [0x00000000ee000000,0x00000000ee000000,0x00000000efc00000)
  from space 2048K, 98% used [0x00000000efe00000,0x00000000efff8ab0,0x00000000f0000000)
  to   space 2048K, 0% used [0x00000000efc00000,0x00000000efc00000,0x00000000efe00000)
 ParOldGen       total 36864K, used 6125K [0x00000000ca000000, 0x00000000cc400000, 0x00000000ee000000)
  object space 36864K, 16% used [0x00000000ca000000,0x00000000ca5fb4d8,0x00000000cc400000)
 Metaspace       used 20465K, capacity 21154K, committed 21248K, reserved 1067008K
  class space    used 2804K, capacity 3006K, committed 3072K, reserved 1048576K
Event: 8.677 GC heap after
Heap after GC invocations=5 (full 1):
 PSYoungGen      total 30720K, used 0K [0x00000000ee000000, 0x00000000f0000000, 0x0000000100000000)
  eden space 28672K, 0% used [0x00000000ee000000,0x00000000ee000000,0x00000000efc00000)
  from space 2048K, 0% used [0x00000000efe00000,0x00000000efe00000,0x00000000f0000000)
  to   space 2048K, 0% used [0x00000000efc00000,0x00000000efc00000,0x00000000efe00000)
 ParOldGen       total 28672K, used 7322K [0x00000000ca000000, 0x00000000cbc00000, 0x00000000ee000000)
  object space 28672K, 25% used [0x00000000ca000000,0x00000000ca7269a0,0x00000000cbc00000)
 Metaspace       used 20465K, capacity 21154K, committed 21248K, reserved 1067008K
  class space    used 2804K, capacity 3006K, committed 3072K, reserved 1048576K
}
Event: 9.571 GC heap before
{Heap before GC invocations=6 (full 1):
 PSYoungGen      total 30720K, used 28672K [0x00000000ee000000, 0x00000000f0000000, 0x0000000100000000)
  eden space 28672K, 100% used [0x00000000ee000000,0x00000000efc00000,0x00000000efc00000)
  from space 2048K, 0% used [0x00000000efe00000,0x00000000efe00000,0x00000000f0000000)
  to   space 2048K, 0% used [0x00000000efc00000,0x00000000efc00000,0x00000000efe00000)
 ParOldGen       total 28672K, used 7322K [0x00000000ca000000, 0x00000000cbc00000, 0x00000000ee000000)
  object space 28672K, 25% used [0x00000000ca000000,0x00000000ca7269a0,0x00000000cbc00000)
 Metaspace       used 24108K, capacity 25676K, committed 25856K, reserved 1071104K
  class space    used 3433K, capacity 3729K, committed 3840K, reserved 1048576K
Event: 9.587 GC heap after
Heap after GC invocations=6 (full 1):
 PSYoungGen      total 30720K, used 2016K [0x00000000ee000000, 0x00000000f1e80000, 0x0000000100000000)
  eden space 28672K, 0% used [0x00000000ee000000,0x00000000ee000000,0x00000000efc00000)
  from space 2048K, 98% used [0x00000000efc00000,0x00000000efdf8010,0x00000000efe00000)
  to   space 6144K, 0% used [0x00000000f1880000,0x00000000f1880000,0x00000000f1e80000)
 ParOldGen       total 28672K, used 9464K [0x00000000ca000000, 0x00000000cbc00000, 0x00000000ee000000)
  object space 28672K, 33% used [0x00000000ca000000,0x00000000ca93e320,0x00000000cbc00000)
 Metaspace       used 24108K, capacity 25676K, committed 25856K, reserved 1071104K
  class space    used 3433K, capacity 3729K, committed 3840K, reserved 1048576K
}

