# JRE version: Java(TM) SE Runtime Environment (8.0_51-b16) (build 1.8.0_51-b16)
# Java VM: Java HotSpot(TM) 64-Bit Server VM (25.51-b03 mixed mode linux-amd64 compressed oops)
Heap:
 PSYoungGen      total 18432K, used 6727K [0x00000000ee000000, 0x00000000f0280000, 0x0000000100000000)
  eden space 13824K, 15% used [0x00000000ee000000,0x00000000ee212820,0x00000000eed80000)
  from space 4608K, 99% used [0x00000000ef280000,0x00000000ef6ff4c0,0x00000000ef700000)
  to   space 5120K, 0% used [0x00000000eed80000,0x00000000eed80000,0x00000000ef280000)
 ParOldGen       total 23040K, used 6901K [0x00000000ca000000, 0x00000000cb680000, 0x00000000ee000000)
  object space 23040K, 29% used [0x00000000ca000000,0x00000000ca6bd590,0x00000000cb680000)
 Metaspace       used 24659K, capacity 26260K, committed 26368K, reserved 1071104K
  class space    used 3443K, capacity 3733K, committed 3840K, reserved 1048576K
GC Heap History (10 events):
Event: 8.467 GC heap before
{Heap before GC invocations=3 (full 0):
 PSYoungGen      total 16384K, used 16370K [0x00000000ee000000, 0x00000000f0000000, 0x0000000100000000)
  eden space 14336K, 100% used [0x00000000ee000000,0x00000000eee00000,0x00000000eee00000)
  from space 2048K, 99% used [0x00000000ef000000,0x00000000ef1fcae0,0x00000000ef200000)
  to   space 2048K, 0% used [0x00000000eee00000,0x00000000eee00000,0x00000000ef000000)
 ParOldGen       total 36864K, used 3042K [0x00000000ca000000, 0x00000000cc400000, 0x00000000ee000000)
  object space 36864K, 8% used [0x00000000ca000000,0x00000000ca2f8878,0x00000000cc400000)
 Metaspace       used 19535K, capacity 20542K, committed 20736K, reserved 1067008K
  class space    used 2795K, capacity 3016K, committed 3072K, reserved 1048576K
Event: 8.481 GC heap after
Heap after GC invocations=3 (full 0):
 PSYoungGen      total 16384K, used 2034K [0x00000000ee000000, 0x00000000ef200000, 0x0000000100000000)
  eden space 14336K, 0% used [0x00000000ee000000,0x00000000ee000000,0x00000000eee00000)
  from space 2048K, 99% used [0x00000000eee00000,0x00000000eeffcac0,0x00000000ef000000)
  to   space 2048K, 0% used [0x00000000ef000000,0x00000000ef000000,0x00000000ef200000)
 ParOldGen       total 36864K, used 4652K [0x00000000ca000000, 0x00000000cc400000, 0x00000000ee000000)
  object space 36864K, 12% used [0x00000000ca000000,0x00000000ca48b138,0x00000000cc400000)
 Metaspace       used 19535K, capacity 20542K, committed 20736K, reserved 1067008K
  class space    used 2795K, capacity 3016K, committed 3072K, reserved 1048576K
}
Event: 15.244 GC heap before
{Heap before GC invocations=4 (full 0):
 PSYoungGen      total 16384K, used 5100K [0x00000000ee000000, 0x00000000ef200000, 0x0000000100000000)
  eden space 14336K, 21% used [0x00000000ee000000,0x00000000ee2fe6e8,0x00000000eee00000)
  from space 2048K, 99% used [0x00000000eee00000,0x00000000eeffcac0,0x00000000ef000000)
  to   space 2048K, 0% used [0x00000000ef000000,0x00000000ef000000,0x00000000ef200000)
 ParOldGen       total 36864K, used 4652K [0x00000000ca000000, 0x00000000cc400000, 0x00000000ee000000)
  object space 36864K, 12% used [0x00000000ca000000,0x00000000ca48b138,0x00000000cc400000)
 Metaspace       used 20127K, capacity 21132K, committed 21296K, reserved 1067008K
  class space    used 2855K, capacity 3093K, committed 3200K, reserved 1048576K
Event: 15.255 GC heap after
Heap after GC invocations=4 (full 0):
 PSYoungGen      total 16384K, used 2034K [0x00000000ee000000, 0x00000000ef200000, 0x0000000100000000)
  eden space 14336K, 0% used [0x00000000ee000000,0x00000000ee000000,0x00000000eee00000)
  from space 2048K, 99% used [0x00000000ef000000,0x00000000ef1fcac0,0x00000000ef200000)
  to   space 2048K, 0% used [0x00000000eee00000,0x00000000eee00000,0x00000000ef000000)
 ParOldGen       total 36864K, used 5238K [0x00000000ca000000, 0x00000000cc400000, 0x00000000ee000000)
  object space 36864K, 14% used [0x00000000ca000000,0x00000000ca51d980,0x00000000cc400000)
 Metaspace       used 20127K, capacity 21132K, committed 21296K, reserved 1067008K
  class space    used 2855K, capacity 3093K, committed 3200K, reserved 1048576K
}
Event: 15.255 GC heap before
{Heap before GC invocations=5 (full 1):
 PSYoungGen      total 16384K, used 2034K [0x00000000ee000000, 0x00000000ef200000, 0x0000000100000000)
  eden space 14336K, 0% used [0x00000000ee000000,0x00000000ee000000,0x00000000eee00000)
  from space 2048K, 99% used [0x00000000ef000000,0x00000000ef1fcac0,0x00000000ef200000)
  to   space 2048K, 0% used [0x00000000eee00000,0x00000000eee00000,0x00000000ef000000)
 ParOldGen       total 36864K, used 5238K [0x00000000ca000000, 0x00000000cc400000, 0x00000000ee000000)
  object space 36864K, 14% used [0x00000000ca000000,0x00000000ca51d980,0x00000000cc400000)
 Metaspace       used 20127K, capacity 21132K, committed 21296K, reserved 1067008K
  class space    used 2855K, capacity 3093K, committed 3200K, reserved 1048576K
Event: 15.301 GC heap after
Heap after GC invocations=5 (full 1):
 PSYoungGen      total 16384K, used 0K [0x00000000ee000000, 0x00000000ef200000, 0x0000000100000000)
  eden space 14336K, 0% used [0x00000000ee000000,0x00000000ee000000,0x00000000eee00000)
  from space 2048K, 0% used [0x00000000ef000000,0x00000000ef000000,0x00000000ef200000)
  to   space 2048K, 0% used [0x00000000eee00000,0x00000000eee00000,0x00000000ef000000)
 ParOldGen       total 23040K, used 6146K [0x00000000ca000000, 0x00000000cb680000, 0x00000000ee000000)
  object space 23040K, 26% used [0x00000000ca000000,0x00000000ca600b78,0x00000000cb680000)
 Metaspace       used 20127K, capacity 21132K, committed 21296K, reserved 1067008K
  class space    used 2855K, capacity 3093K, committed 3200K, reserved 1048576K
}
Event: 15.742 GC heap before
{Heap before GC invocations=6 (full 1):
 PSYoungGen      total 16384K, used 14336K [0x00000000ee000000, 0x00000000ef200000, 0x0000000100000000)
  eden space 14336K, 100% used [0x00000000ee000000,0x00000000eee00000,0x00000000eee00000)
  from space 2048K, 0% used [0x00000000ef000000,0x00000000ef000000,0x00000000ef200000)
  to   space 2048K, 0% used [0x00000000eee00000,0x00000000eee00000,0x00000000ef000000)
 ParOldGen       total 23040K, used 6146K [0x00000000ca000000, 0x00000000cb680000, 0x00000000ee000000)
  object space 23040K, 26% used [0x00000000ca000000,0x00000000ca600b78,0x00000000cb680000)
 Metaspace       used 22884K, capacity 23986K, committed 24192K, reserved 1071104K
  class space    used 3189K, capacity 3406K, committed 3456K, reserved 1048576K
Event: 15.746 GC heap after
Heap after GC invocations=6 (full 1):
 PSYoungGen      total 16384K, used 2030K [0x00000000ee000000, 0x00000000ef700000, 0x0000000100000000)
  eden space 14336K, 0% used [0x00000000ee000000,0x00000000ee000000,0x00000000eee00000)
  from space 2048K, 99% used [0x00000000eee00000,0x00000000eeffb8a0,0x00000000ef000000)
  to   space 4608K, 0% used [0x00000000ef280000,0x00000000ef280000,0x00000000ef700000)
 ParOldGen       total 23040K, used 6853K [0x00000000ca000000, 0x00000000cb680000, 0x00000000ee000000)
  object space 23040K, 29% used [0x00000000ca000000,0x00000000ca6b1590,0x00000000cb680000)
 Metaspace       used 22884K, capacity 23986K, committed 24192K, reserved 1071104K
  class space    used 3189K, capacity 3406K, committed 3456K, reserved 1048576K
}
Event: 16.231 GC heap before
{Heap before GC invocations=7 (full 1):
 PSYoungGen      total 16384K, used 16358K [0x00000000ee000000, 0x00000000ef700000, 0x0000000100000000)
  eden space 14336K, 99% used [0x00000000ee000000,0x00000000eedfe010,0x00000000eee00000)
  from space 2048K, 99% used [0x00000000eee00000,0x00000000eeffb8a0,0x00000000ef000000)
  to   space 4608K, 0% used [0x00000000ef280000,0x00000000ef280000,0x00000000ef700000)
 ParOldGen       total 23040K, used 6853K [0x00000000ca000000, 0x00000000cb680000, 0x00000000ee000000)
  object space 23040K, 29% used [0x00000000ca000000,0x00000000ca6b1590,0x00000000cb680000)
 Metaspace       used 24401K, capacity 25858K, committed 25984K, reserved 1071104K
  class space    used 3398K, capacity 3672K, committed 3712K, reserved 1048576K
Event: 16.239 GC heap after
Heap after GC invocations=7 (full 1):
 PSYoungGen      total 18432K, used 4605K [0x00000000ee000000, 0x00000000f0280000, 0x0000000100000000)
  eden space 13824K, 0% used [0x00000000ee000000,0x00000000ee000000,0x00000000eed80000)
  from space 4608K, 99% used [0x00000000ef280000,0x00000000ef6ff4c0,0x00000000ef700000)
  to   space 5120K, 0% used [0x00000000eed80000,0x00000000eed80000,0x00000000ef280000)
 ParOldGen       total 23040K, used 6901K [0x00000000ca000000, 0x00000000cb680000, 0x00000000ee000000)
  object space 23040K, 29% used [0x00000000ca000000,0x00000000ca6bd590,0x00000000cb680000)
 Metaspace       used 24401K, capacity 25858K, committed 25984K, reserved 1071104K
  class space    used 3398K, capacity 3672K, committed 3712K, reserved 1048576K
}

