# JRE version: Java(TM) SE Runtime Environment (8.0_51-b16) (build 1.8.0_51-b16)
# Java VM: Java HotSpot(TM) 64-Bit Server VM (25.51-b03 mixed mode linux-amd64 compressed oops)
Heap:
 PSYoungGen      total 30720K, used 4144K [0x00000000ee000000, 0x00000000f1280000, 0x0000000100000000)
  eden space 28672K, 7% used [0x00000000ee000000,0x00000000ee210158,0x00000000efc00000)
  from space 2048K, 99% used [0x00000000efe00000,0x00000000efffc050,0x00000000f0000000)
  to   space 2048K, 0% used [0x00000000efc00000,0x00000000efc00000,0x00000000efe00000)
 ParOldGen       total 28672K, used 9421K [0x00000000ca000000, 0x00000000cbc00000, 0x00000000ee000000)
  object space 28672K, 32% used [0x00000000ca000000,0x00000000ca933420,0x00000000cbc00000)
 Metaspace       used 24434K, capacity 25980K, committed 26032K, reserved 1071104K
  class space    used 3439K, capacity 3723K, committed 3760K, reserved 1048576K
GC Heap History (10 events):
Event: 0.752 GC heap before
{Heap before GC invocations=1 (full 0):
 PSYoungGen      total 16384K, used 14333K [0x00000000ee000000, 0x00000000ef200000, 0x0000000100000000)
  eden space 14336K, 99% used [0x00000000ee000000,0x00000000eedff7a8,0x00000000eee00000)
  from space 2048K, 0% used [0x00000000ef000000,0x00000000ef000000,0x00000000ef200000)
  to   space 2048K, 0% used [0x00000000eee00000,0x00000000eee00000,0x00000000ef000000)
 ParOldGen       total 36864K, used 0K [0x00000000ca000000, 0x00000000cc400000, 0x00000000ee000000)
  object space 36864K, 0% used [0x00000000ca000000,0x00000000ca000000,0x00000000cc400000)
 Metaspace       used 9280K, capacity 9636K, committed 9984K, reserved 1058816K
  class space    used 1114K, capacity 1234K, committed 1280K, reserved 1048576K
Event: 0.760 GC heap after
Heap after GC invocations=1 (full 0):
 PSYoungGen      total 16384K, used 2026K [0x00000000ee000000, 0x00000000f0000000, 0x0000000100000000)
  eden space 14336K, 0% used [0x00000000ee000000,0x00000000ee000000,0x00000000eee00000)
  from space 2048K, 98% used [0x00000000eee00000,0x00000000eeffa9c0,0x00000000ef000000)
  to   space 2048K, 0% used [0x00000000efe00000,0x00000000efe00000,0x00000000f0000000)
 ParOldGen       total 36864K, used 713K [0x00000000ca000000, 0x00000000cc400000, 0x00000000ee000000)
  object space 36864K, 1% used [0x00000000ca000000,0x00000000ca0b2400,0x00000000cc400000)
 Metaspace       used 9280K, capacity 9636K, committed 9984K, reserved 1058816K
  class space    used 1114K, capacity 1234K, committed 1280K, reserved 1048576K
}
Event: 1.428 GC heap before
{Heap before GC invocations=2 (full 0):
 PSYoungGen      total 16384K, used 16362K [0x00000000ee000000, 0x00000000f0000000, 0x0000000100000000)
  eden space 14336K, 100% used [0x00000000ee000000,0x00000000eee00000,0x00000000eee00000)
  from space 2048K, 98% used [0x00000000eee00000,0x00000000eeffa9c0,0x00000000ef000000)
  to   space 2048K, 0% used [0x00000000efe00000,0x00000000efe00000,0x00000000f0000000)
 ParOldGen       total 36864K, used 713K [0x00000000ca000000, 0x00000000cc400000, 0x00000000ee000000)
  object space 36864K, 1% used [0x00000000ca000000,0x00000000ca0b2400,0x00000000cc400000)
 Metaspace       used 14738K, capacity 15260K, committed 15488K, reserved 1062912K
  class space    used 1939K, capacity 2111K, committed 2176K, reserved 1048576K
Event: 1.438 GC heap after
Heap after GC invocations=2 (full 0):
 PSYoungGen      total 30720K, used 2034K [0x00000000ee000000, 0x00000000f0000000, 0x0000000100000000)
  eden space 28672K, 0% used [0x00000000ee000000,0x00000000ee000000,0x00000000efc00000)
  from space 2048K, 99% used [0x00000000efe00000,0x00000000efffcac0,0x00000000f0000000)
  to   space 2048K, 0% used [0x00000000efc00000,0x00000000efc00000,0x00000000efe00000)
 ParOldGen       total 36864K, used 2991K [0x00000000ca000000, 0x00000000cc400000, 0x00000000ee000000)
  object space 36864K, 8% used [0x00000000ca000000,0x00000000ca2ebd08,0x00000000cc400000)
 Metaspace       used 14738K, capacity 15260K, committed 15488K, reserved 1062912K
  class space    used 1939K, capacity 2111K, committed 2176K, reserved 1048576K
}
Event: 11.734 GC heap before
{Heap before GC invocations=3 (full 0):
 PSYoungGen      total 30720K, used 18964K [0x00000000ee000000, 0x00000000f0000000, 0x0000000100000000)
  eden space 28672K, 59% used [0x00000000ee000000,0x00000000ef088738,0x00000000efc00000)
  from space 2048K, 99% used [0x00000000efe00000,0x00000000efffcac0,0x00000000f0000000)
  to   space 2048K, 0% used [0x00000000efc00000,0x00000000efc00000,0x00000000efe00000)
 ParOldGen       total 36864K, used 2991K [0x00000000ca000000, 0x00000000cc400000, 0x00000000ee000000)
  object space 36864K, 8% used [0x00000000ca000000,0x00000000ca2ebd08,0x00000000cc400000)
 Metaspace       used 20203K, capacity 21244K, committed 21296K, reserved 1067008K
  class space    used 2877K, capacity 3083K, committed 3120K, reserved 1048576K
Event: 11.744 GC heap after
Heap after GC invocations=3 (full 0):
 PSYoungGen      total 30720K, used 2032K [0x00000000ee000000, 0x00000000f0000000, 0x0000000100000000)
  eden space 28672K, 0% used [0x00000000ee000000,0x00000000ee000000,0x00000000efc00000)
  from space 2048K, 99% used [0x00000000efc00000,0x00000000efdfc048,0x00000000efe00000)
  to   space 2048K, 0% used [0x00000000efe00000,0x00000000efe00000,0x00000000f0000000)
 ParOldGen       total 36864K, used 5012K [0x00000000ca000000, 0x00000000cc400000, 0x00000000ee000000)
  object space 36864K, 13% used [0x00000000ca000000,0x00000000ca4e52a8,0x00000000cc400000)
 Metaspace       used 20203K, capacity 21244K, committed 21296K, reserved 1067008K
  class space    used 2877K, capacity 3083K, committed 3120K, reserved 1048576K
}
Event: 11.744 GC heap before
{Heap before GC invocations=4 (full 1):
 PSYoungGen      total 30720K, used 2032K [0x00000000ee000000, 0x00000000f0000000, 0x0000000100000000)
  eden space 28672K, 0% used [0x00000000ee000000,0x00000000ee000000,0x00000000efc00000)
  from space 2048K, 99% used [0x00000000efc00000,0x00000000efdfc048,0x00000000efe00000)
  to   space 2048K, 0% used [0x00000000efe00000,0x00000000efe00000,0x00000000f0000000)
 ParOldGen       total 36864K, used 5012K [0x00000000ca000000, 0x00000000cc400000, 0x00000000ee000000)
  object space 36864K, 13% used [0x00000000ca000000,0x00000000ca4e52a8,0x00000000cc400000)
 Metaspace       used 20203K, capacity 21244K, committed 21296K, reserved 1067008K
  class space    used 2877K, capacity 3083K, committed 3120K, reserved 1048576K
Event: 11.795 GC heap after
Heap after GC invocations=4 (full 1):
 PSYoungGen      total 30720K, used 0K [0x00000000ee000000, 0x00000000f0000000, 0x0000000100000000)
  eden space 28672K, 0% used [0x00000000ee000000,0x00000000ee000000,0x00000000efc00000)
  from space 2048K, 0% used [0x00000000efc00000,0x00000000efc00000,0x00000000efe00000)
  to   space 2048K, 0% used [0x00000000efe00000,0x00000000efe00000,0x00000000f0000000)
 ParOldGen       total 28672K, used 6193K [0x00000000ca000000, 0x00000000cbc00000, 0x00000000ee000000)
  object space 28672K, 21% used [0x00000000ca000000,0x00000000ca60c620,0x00000000cbc00000)
 Metaspace       used 20203K, capacity 21244K, committed 21296K, reserved 1067008K
  class space    used 2877K, capacity 3083K, committed 3120K, reserved 1048576K
}
Event: 14.331 GC heap before
{Heap before GC invocations=5 (full 1):
 PSYoungGen      total 30720K, used 28672K [0x00000000ee000000, 0x00000000f0000000, 0x0000000100000000)
  eden space 28672K, 100% used [0x00000000ee000000,0x00000000efc00000,0x00000000efc00000)
  from space 2048K, 0% used [0x00000000efc00000,0x00000000efc00000,0x00000000efe00000)
  to   space 2048K, 0% used [0x00000000efe00000,0x00000000efe00000,0x00000000f0000000)
 ParOldGen       total 28672K, used 6193K [0x00000000ca000000, 0x00000000cbc00000, 0x00000000ee000000)
  object space 28672K, 21% used [0x00000000ca000000,0x00000000ca60c620,0x00000000cbc00000)
 Metaspace       used 24223K, capacity 25678K, committed 25776K, reserved 1071104K
  class space    used 3401K, capacity 3694K, committed 3760K, reserved 1048576K
Event: 14.347 GC heap after
Heap after GC invocations=5 (full 1):
 PSYoungGen      total 30720K, used 2032K [0x00000000ee000000, 0x00000000f1280000, 0x0000000100000000)
  eden space 28672K, 0% used [0x00000000ee000000,0x00000000ee000000,0x00000000efc00000)
  from space 2048K, 99% used [0x00000000efe00000,0x00000000efffc050,0x00000000f0000000)
  to   space 2048K, 0% used [0x00000000efc00000,0x00000000efc00000,0x00000000efe00000)
 ParOldGen       total 28672K, used 9421K [0x00000000ca000000, 0x00000000cbc00000, 0x00000000ee000000)
  object space 28672K, 32% used [0x00000000ca000000,0x00000000ca933420,0x00000000cbc00000)
 Metaspace       used 24223K, capacity 25678K, committed 25776K, reserved 1071104K
  class space    used 3401K, capacity 3694K, committed 3760K, reserved 1048576K
}

