# JRE version: Java(TM) SE Runtime Environment (8.0_51-b16) (build 1.8.0_51-b16)
# Java VM: Java HotSpot(TM) 64-Bit Server VM (25.51-b03 mixed mode linux-amd64 compressed oops)
Heap:
 PSYoungGen      total 51200K, used 6110K [0x00000000ee000000, 0x00000000f1c00000, 0x0000000100000000)
  eden space 49152K, 8% used [0x00000000ee000000,0x00000000ee3fbb80,0x00000000f1000000)
  from space 2048K, 99% used [0x00000000f1a00000,0x00000000f1bfc040,0x00000000f1c00000)
  to   space 2048K, 0% used [0x00000000f1800000,0x00000000f1800000,0x00000000f1a00000)
 ParOldGen       total 30720K, used 9502K [0x00000000ca000000, 0x00000000cbe00000, 0x00000000ee000000)
  object space 30720K, 30% used [0x00000000ca000000,0x00000000ca9479e8,0x00000000cbe00000)
 Metaspace       used 24093K, capacity 25688K, committed 25856K, reserved 1071104K
  class space    used 3429K, capacity 3729K, committed 3840K, reserved 1048576K
GC Heap History (10 events):
Event: 0.772 GC heap before
{Heap before GC invocations=1 (full 0):
 PSYoungGen      total 16384K, used 14336K [0x00000000ee000000, 0x00000000ef200000, 0x0000000100000000)
  eden space 14336K, 100% used [0x00000000ee000000,0x00000000eee00000,0x00000000eee00000)
  from space 2048K, 0% used [0x00000000ef000000,0x00000000ef000000,0x00000000ef200000)
  to   space 2048K, 0% used [0x00000000eee00000,0x00000000eee00000,0x00000000ef000000)
 ParOldGen       total 36864K, used 0K [0x00000000ca000000, 0x00000000cc400000, 0x00000000ee000000)
  object space 36864K, 0% used [0x00000000ca000000,0x00000000ca000000,0x00000000cc400000)
 Metaspace       used 9458K, capacity 9764K, committed 9984K, reserved 1058816K
  class space    used 1126K, capacity 1234K, committed 1280K, reserved 1048576K
Event: 0.788 GC heap after
Heap after GC invocations=1 (full 0):
 PSYoungGen      total 16384K, used 2016K [0x00000000ee000000, 0x00000000f0000000, 0x0000000100000000)
  eden space 14336K, 0% used [0x00000000ee000000,0x00000000ee000000,0x00000000eee00000)
  from space 2048K, 98% used [0x00000000eee00000,0x00000000eeff8020,0x00000000ef000000)
  to   space 2048K, 0% used [0x00000000efe00000,0x00000000efe00000,0x00000000f0000000)
 ParOldGen       total 36864K, used 733K [0x00000000ca000000, 0x00000000cc400000, 0x00000000ee000000)
  object space 36864K, 1% used [0x00000000ca000000,0x00000000ca0b7550,0x00000000cc400000)
 Metaspace       used 9458K, capacity 9764K, committed 9984K, reserved 1058816K
  class space    used 1126K, capacity 1234K, committed 1280K, reserved 1048576K
}
Event: 1.453 GC heap before
{Heap before GC invocations=2 (full 0):
 PSYoungGen      total 16384K, used 16352K [0x00000000ee000000, 0x00000000f0000000, 0x0000000100000000)
  eden space 14336K, 100% used [0x00000000ee000000,0x00000000eee00000,0x00000000eee00000)
  from space 2048K, 98% used [0x00000000eee00000,0x00000000eeff8020,0x00000000ef000000)
  to   space 2048K, 0% used [0x00000000efe00000,0x00000000efe00000,0x00000000f0000000)
 ParOldGen       total 36864K, used 733K [0x00000000ca000000, 0x00000000cc400000, 0x00000000ee000000)
  object space 36864K, 1% used [0x00000000ca000000,0x00000000ca0b7550,0x00000000cc400000)
 Metaspace       used 15155K, capacity 15662K, committed 15872K, reserved 1062912K
  class space    used 2012K, capacity 2180K, committed 2304K, reserved 1048576K
Event: 1.462 GC heap after
Heap after GC invocations=2 (full 0):
 PSYoungGen      total 30720K, used 2016K [0x00000000ee000000, 0x00000000f0000000, 0x0000000100000000)
  eden space 28672K, 0% used [0x00000000ee000000,0x00000000ee000000,0x00000000efc00000)
  from space 2048K, 98% used [0x00000000efe00000,0x00000000efff8040,0x00000000f0000000)
  to   space 2048K, 0% used [0x00000000efc00000,0x00000000efc00000,0x00000000efe00000)
 ParOldGen       total 36864K, used 3073K [0x00000000ca000000, 0x00000000cc400000, 0x00000000ee000000)
  object space 36864K, 8% used [0x00000000ca000000,0x00000000ca300458,0x00000000cc400000)
 Metaspace       used 15155K, capacity 15662K, committed 15872K, reserved 1062912K
  class space    used 2012K, capacity 2180K, committed 2304K, reserved 1048576K
}
Event: 7.843 GC heap before
{Heap before GC invocations=3 (full 0):
 PSYoungGen      total 30720K, used 17506K [0x00000000ee000000, 0x00000000f0000000, 0x0000000100000000)
  eden space 28672K, 54% used [0x00000000ee000000,0x00000000eef20968,0x00000000efc00000)
  from space 2048K, 98% used [0x00000000efe00000,0x00000000efff8040,0x00000000f0000000)
  to   space 2048K, 0% used [0x00000000efc00000,0x00000000efc00000,0x00000000efe00000)
 ParOldGen       total 36864K, used 3073K [0x00000000ca000000, 0x00000000cc400000, 0x00000000ee000000)
  object space 36864K, 8% used [0x00000000ca000000,0x00000000ca300458,0x00000000cc400000)
 Metaspace       used 20438K, capacity 21164K, committed 21248K, reserved 1067008K
  class space    used 2805K, capacity 3005K, committed 3072K, reserved 1048576K
Event: 7.853 GC heap after
Heap after GC invocations=3 (full 0):
 PSYoungGen      total 30720K, used 2016K [0x00000000ee000000, 0x00000000f1c00000, 0x0000000100000000)
  eden space 28672K, 0% used [0x00000000ee000000,0x00000000ee000000,0x00000000efc00000)
  from space 2048K, 98% used [0x00000000efc00000,0x00000000efdf8010,0x00000000efe00000)
  to   space 2048K, 0% used [0x00000000f1a00000,0x00000000f1a00000,0x00000000f1c00000)
 ParOldGen       total 36864K, used 6113K [0x00000000ca000000, 0x00000000cc400000, 0x00000000ee000000)
  object space 36864K, 16% used [0x00000000ca000000,0x00000000ca5f87b8,0x00000000cc400000)
 Metaspace       used 20438K, capacity 21164K, committed 21248K, reserved 1067008K
  class space    used 2805K, capacity 3005K, committed 3072K, reserved 1048576K
}
Event: 7.853 GC heap before
{Heap before GC invocations=4 (full 1):
 PSYoungGen      total 30720K, used 2016K [0x00000000ee000000, 0x00000000f1c00000, 0x0000000100000000)
  eden space 28672K, 0% used [0x00000000ee000000,0x00000000ee000000,0x00000000efc00000)
  from space 2048K, 98% used [0x00000000efc00000,0x00000000efdf8010,0x00000000efe00000)
  to   space 2048K, 0% used [0x00000000f1a00000,0x00000000f1a00000,0x00000000f1c00000)
 ParOldGen       total 36864K, used 6113K [0x00000000ca000000, 0x00000000cc400000, 0x00000000ee000000)
  object space 36864K, 16% used [0x00000000ca000000,0x00000000ca5f87b8,0x00000000cc400000)
 Metaspace       used 20438K, capacity 21164K, committed 21248K, reserved 1067008K
  class space    used 2805K, capacity 3005K, committed 3072K, reserved 1048576K
Event: 7.899 GC heap after
Heap after GC invocations=4 (full 1):
 PSYoungGen      total 30720K, used 0K [0x00000000ee000000, 0x00000000f1c00000, 0x0000000100000000)
  eden space 28672K, 0% used [0x00000000ee000000,0x00000000ee000000,0x00000000efc00000)
  from space 2048K, 0% used [0x00000000efc00000,0x00000000efc00000,0x00000000efe00000)
  to   space 2048K, 0% used [0x00000000f1a00000,0x00000000f1a00000,0x00000000f1c00000)
 ParOldGen       total 30720K, used 7291K [0x00000000ca000000, 0x00000000cbe00000, 0x00000000ee000000)
  object space 30720K, 23% used [0x00000000ca000000,0x00000000ca71ec70,0x00000000cbe00000)
 Metaspace       used 20438K, capacity 21164K, committed 21248K, reserved 1067008K
  class space    used 2805K, capacity 3005K, committed 3072K, reserved 1048576K
}
Event: 8.874 GC heap before
{Heap before GC invocations=5 (full 1):
 PSYoungGen      total 30720K, used 28672K [0x00000000ee000000, 0x00000000f1c00000, 0x0000000100000000)
  eden space 28672K, 100% used [0x00000000ee000000,0x00000000efc00000,0x00000000efc00000)
  from space 2048K, 0% used [0x00000000efc00000,0x00000000efc00000,0x00000000efe00000)
  to   space 2048K, 0% used [0x00000000f1a00000,0x00000000f1a00000,0x00000000f1c00000)
 ParOldGen       total 30720K, used 7291K [0x00000000ca000000, 0x00000000cbe00000, 0x00000000ee000000)
  object space 30720K, 23% used [0x00000000ca000000,0x00000000ca71ec70,0x00000000cbe00000)
 Metaspace       used 24006K, capacity 25624K, committed 25856K, reserved 1071104K
  class space    used 3428K, capacity 3729K, committed 3840K, reserved 1048576K
Event: 8.897 GC heap after
Heap after GC invocations=5 (full 1):
 PSYoungGen      total 51200K, used 2032K [0x00000000ee000000, 0x00000000f1c00000, 0x0000000100000000)
  eden space 49152K, 0% used [0x00000000ee000000,0x00000000ee000000,0x00000000f1000000)
  from space 2048K, 99% used [0x00000000f1a00000,0x00000000f1bfc040,0x00000000f1c00000)
  to   space 2048K, 0% used [0x00000000f1800000,0x00000000f1800000,0x00000000f1a00000)
 ParOldGen       total 30720K, used 9502K [0x00000000ca000000, 0x00000000cbe00000, 0x00000000ee000000)
  object space 30720K, 30% used [0x00000000ca000000,0x00000000ca9479e8,0x00000000cbe00000)
 Metaspace       used 24006K, capacity 25624K, committed 25856K, reserved 1071104K
  class space    used 3428K, capacity 3729K, committed 3840K, reserved 1048576K
}

